  App.cpp
  Credits.cpp
C:\Users\lucas\Documents\GitHub\FlappyBirds\Game\FlappyBird\Credits.cpp(44,42): warning C4244: '=': conversión de 'float' a 'int'; posible pérdida de datos
C:\Users\lucas\Documents\GitHub\FlappyBirds\Game\FlappyBird\Credits.cpp(48,38): warning C4244: '=': conversión de 'double' a 'int'; posible pérdida de datos
C:\Users\lucas\Documents\GitHub\FlappyBirds\Game\FlappyBird\Credits.cpp(50,39): warning C4244: '=': conversión de 'double' a 'int'; posible pérdida de datos
C:\Users\lucas\Documents\GitHub\FlappyBirds\Game\FlappyBird\Credits.cpp(52,39): warning C4244: '=': conversión de 'double' a 'int'; posible pérdida de datos
C:\Users\lucas\Documents\GitHub\FlappyBirds\Game\FlappyBird\Credits.cpp(56,43): warning C4244: '=': conversión de 'int' a 'float'; posible pérdida de datos
C:\Users\lucas\Documents\GitHub\FlappyBirds\Game\FlappyBird\Credits.cpp(57,43): warning C4244: '=': conversión de 'int' a 'float'; posible pérdida de datos
C:\Users\lucas\Documents\GitHub\FlappyBirds\Game\FlappyBird\Credits.cpp(59,36): warning C4244: '=': conversión de 'double' a 'float'; posible pérdida de datos
  Gameover.cpp
C:\Users\lucas\Documents\GitHub\FlappyBirds\Game\FlappyBird\Gameover.cpp(51,38): warning C4244: '=': conversión de 'double' a 'int'; posible pérdida de datos
C:\Users\lucas\Documents\GitHub\FlappyBirds\Game\FlappyBird\Gameover.cpp(53,38): warning C4244: '=': conversión de 'double' a 'int'; posible pérdida de datos
C:\Users\lucas\Documents\GitHub\FlappyBirds\Game\FlappyBird\Gameover.cpp(55,38): warning C4244: '=': conversión de 'double' a 'int'; posible pérdida de datos
C:\Users\lucas\Documents\GitHub\FlappyBirds\Game\FlappyBird\Gameover.cpp(60,43): warning C4244: '=': conversión de 'int' a 'float'; posible pérdida de datos
C:\Users\lucas\Documents\GitHub\FlappyBirds\Game\FlappyBird\Gameover.cpp(61,43): warning C4244: '=': conversión de 'int' a 'float'; posible pérdida de datos
C:\Users\lucas\Documents\GitHub\FlappyBirds\Game\FlappyBird\Gameover.cpp(63,31): warning C4244: '=': conversión de 'double' a 'float'; posible pérdida de datos
C:\Users\lucas\Documents\GitHub\FlappyBirds\Game\FlappyBird\Gameover.cpp(65,43): warning C4244: '=': conversión de 'int' a 'float'; posible pérdida de datos
C:\Users\lucas\Documents\GitHub\FlappyBirds\Game\FlappyBird\Gameover.cpp(66,43): warning C4244: '=': conversión de 'int' a 'float'; posible pérdida de datos
C:\Users\lucas\Documents\GitHub\FlappyBirds\Game\FlappyBird\Gameover.cpp(68,31): warning C4244: '=': conversión de 'double' a 'float'; posible pérdida de datos
  Gameplay.cpp
C:\Users\lucas\Documents\GitHub\FlappyBirds\Game\FlappyBird\Gameplay.cpp(33,47): warning C4244: '=': conversión de 'int' a 'float'; posible pérdida de datos
C:\Users\lucas\Documents\GitHub\FlappyBirds\Game\FlappyBird\Gameplay.cpp(34,46): warning C4244: '=': conversión de 'int' a 'float'; posible pérdida de datos
C:\Users\lucas\Documents\GitHub\FlappyBirds\Game\FlappyBird\Gameplay.cpp(37,47): warning C4244: '=': conversión de 'int' a 'float'; posible pérdida de datos
C:\Users\lucas\Documents\GitHub\FlappyBirds\Game\FlappyBird\Gameplay.cpp(38,46): warning C4244: '=': conversión de 'int' a 'float'; posible pérdida de datos
  main.cpp
  Menu.cpp
C:\Users\lucas\Documents\GitHub\FlappyBirds\Game\FlappyBird\Menu.cpp(61,38): warning C4244: '=': conversión de 'double' a 'int'; posible pérdida de datos
C:\Users\lucas\Documents\GitHub\FlappyBirds\Game\FlappyBird\Menu.cpp(63,38): warning C4244: '=': conversión de 'double' a 'int'; posible pérdida de datos
C:\Users\lucas\Documents\GitHub\FlappyBirds\Game\FlappyBird\Menu.cpp(65,38): warning C4244: '=': conversión de 'double' a 'int'; posible pérdida de datos
C:\Users\lucas\Documents\GitHub\FlappyBirds\Game\FlappyBird\Menu.cpp(67,38): warning C4244: '=': conversión de 'double' a 'int'; posible pérdida de datos
C:\Users\lucas\Documents\GitHub\FlappyBirds\Game\FlappyBird\Menu.cpp(68,38): warning C4244: '=': conversión de 'double' a 'int'; posible pérdida de datos
C:\Users\lucas\Documents\GitHub\FlappyBirds\Game\FlappyBird\Menu.cpp(69,39): warning C4244: '=': conversión de 'double' a 'int'; posible pérdida de datos
C:\Users\lucas\Documents\GitHub\FlappyBirds\Game\FlappyBird\Menu.cpp(76,43): warning C4244: '=': conversión de 'int' a 'float'; posible pérdida de datos
C:\Users\lucas\Documents\GitHub\FlappyBirds\Game\FlappyBird\Menu.cpp(77,43): warning C4244: '=': conversión de 'int' a 'float'; posible pérdida de datos
C:\Users\lucas\Documents\GitHub\FlappyBirds\Game\FlappyBird\Menu.cpp(79,31): warning C4244: '=': conversión de 'double' a 'float'; posible pérdida de datos
C:\Users\lucas\Documents\GitHub\FlappyBirds\Game\FlappyBird\Menu.cpp(81,43): warning C4244: '=': conversión de 'int' a 'float'; posible pérdida de datos
C:\Users\lucas\Documents\GitHub\FlappyBirds\Game\FlappyBird\Menu.cpp(82,43): warning C4244: '=': conversión de 'int' a 'float'; posible pérdida de datos
C:\Users\lucas\Documents\GitHub\FlappyBirds\Game\FlappyBird\Menu.cpp(84,31): warning C4244: '=': conversión de 'double' a 'float'; posible pérdida de datos
C:\Users\lucas\Documents\GitHub\FlappyBirds\Game\FlappyBird\Menu.cpp(86,43): warning C4244: '=': conversión de 'int' a 'float'; posible pérdida de datos
C:\Users\lucas\Documents\GitHub\FlappyBirds\Game\FlappyBird\Menu.cpp(87,43): warning C4244: '=': conversión de 'int' a 'float'; posible pérdida de datos
C:\Users\lucas\Documents\GitHub\FlappyBirds\Game\FlappyBird\Menu.cpp(89,31): warning C4244: '=': conversión de 'double' a 'float'; posible pérdida de datos
C:\Users\lucas\Documents\GitHub\FlappyBirds\Game\FlappyBird\Menu.cpp(91,43): warning C4244: '=': conversión de 'int' a 'float'; posible pérdida de datos
C:\Users\lucas\Documents\GitHub\FlappyBirds\Game\FlappyBird\Menu.cpp(92,43): warning C4244: '=': conversión de 'int' a 'float'; posible pérdida de datos
C:\Users\lucas\Documents\GitHub\FlappyBirds\Game\FlappyBird\Menu.cpp(94,31): warning C4244: '=': conversión de 'double' a 'float'; posible pérdida de datos
  Obstacle.cpp
C:\Users\lucas\Documents\GitHub\FlappyBirds\Game\FlappyBird\Obstacle.cpp(34,57): warning C4244: '=': conversión de 'int' a 'float'; posible pérdida de datos
C:\Users\lucas\Documents\GitHub\FlappyBirds\Game\FlappyBird\Obstacle.cpp(35,33): warning C4244: '=': conversión de 'int' a 'float'; posible pérdida de datos
C:\Users\lucas\Documents\GitHub\FlappyBirds\Game\FlappyBird\Obstacle.cpp(37,56): warning C4244: '=': conversión de 'int' a 'float'; posible pérdida de datos
C:\Users\lucas\Documents\GitHub\FlappyBirds\Game\FlappyBird\Obstacle.cpp(38,55): warning C4244: '=': conversión de 'int' a 'float'; posible pérdida de datos
C:\Users\lucas\Documents\GitHub\FlappyBirds\Game\FlappyBird\Obstacle.cpp(51,59): warning C4244: '=': conversión de 'int' a 'float'; posible pérdida de datos
C:\Users\lucas\Documents\GitHub\FlappyBirds\Game\FlappyBird\Obstacle.cpp(54,58): warning C4244: '=': conversión de 'int' a 'float'; posible pérdida de datos
C:\Users\lucas\Documents\GitHub\FlappyBirds\Game\FlappyBird\Obstacle.cpp(55,57): warning C4244: '=': conversión de 'int' a 'float'; posible pérdida de datos
C:\Users\lucas\Documents\GitHub\FlappyBirds\Game\FlappyBird\Obstacle.cpp(79,58): warning C4244: '=': conversión de 'int' a 'float'; posible pérdida de datos
C:\Users\lucas\Documents\GitHub\FlappyBirds\Game\FlappyBird\Obstacle.cpp(80,58): warning C4244: '=': conversión de 'int' a 'float'; posible pérdida de datos
C:\Users\lucas\Documents\GitHub\FlappyBirds\Game\FlappyBird\Obstacle.cpp(82,62): warning C4244: '=': conversión de 'int' a 'float'; posible pérdida de datos
C:\Users\lucas\Documents\GitHub\FlappyBirds\Game\FlappyBird\Obstacle.cpp(83,62): warning C4244: '=': conversión de 'int' a 'float'; posible pérdida de datos
C:\Users\lucas\Documents\GitHub\FlappyBirds\Game\FlappyBird\Obstacle.cpp(102,35): warning C4244: '=': conversión de 'int' a 'float'; posible pérdida de datos
C:\Users\lucas\Documents\GitHub\FlappyBirds\Game\FlappyBird\Obstacle.cpp(103,50): warning C4244: '=': conversión de 'int' a 'float'; posible pérdida de datos
C:\Users\lucas\Documents\GitHub\FlappyBirds\Game\FlappyBird\Obstacle.cpp(107,52): warning C4244: '=': conversión de 'int' a 'float'; posible pérdida de datos
  Parallax.cpp
  Pause.cpp
C:\Users\lucas\Documents\GitHub\FlappyBirds\Game\FlappyBird\Pause.cpp(56,38): warning C4244: '=': conversión de 'double' a 'int'; posible pérdida de datos
C:\Users\lucas\Documents\GitHub\FlappyBirds\Game\FlappyBird\Pause.cpp(58,43): warning C4244: '=': conversión de 'double' a 'int'; posible pérdida de datos
C:\Users\lucas\Documents\GitHub\FlappyBirds\Game\FlappyBird\Pause.cpp(60,43): warning C4244: '=': conversión de 'double' a 'int'; posible pérdida de datos
C:\Users\lucas\Documents\GitHub\FlappyBirds\Game\FlappyBird\Pause.cpp(62,43): warning C4244: '=': conversión de 'double' a 'int'; posible pérdida de datos
C:\Users\lucas\Documents\GitHub\FlappyBirds\Game\FlappyBird\Pause.cpp(64,43): warning C4244: '=': conversión de 'double' a 'int'; posible pérdida de datos
C:\Users\lucas\Documents\GitHub\FlappyBirds\Game\FlappyBird\Pause.cpp(73,43): warning C4244: '=': conversión de 'int' a 'float'; posible pérdida de datos
C:\Users\lucas\Documents\GitHub\FlappyBirds\Game\FlappyBird\Pause.cpp(74,43): warning C4244: '=': conversión de 'int' a 'float'; posible pérdida de datos
C:\Users\lucas\Documents\GitHub\FlappyBirds\Game\FlappyBird\Pause.cpp(76,36): warning C4244: '=': conversión de 'double' a 'float'; posible pérdida de datos
C:\Users\lucas\Documents\GitHub\FlappyBirds\Game\FlappyBird\Pause.cpp(78,43): warning C4244: '=': conversión de 'int' a 'float'; posible pérdida de datos
C:\Users\lucas\Documents\GitHub\FlappyBirds\Game\FlappyBird\Pause.cpp(79,43): warning C4244: '=': conversión de 'int' a 'float'; posible pérdida de datos
C:\Users\lucas\Documents\GitHub\FlappyBirds\Game\FlappyBird\Pause.cpp(81,36): warning C4244: '=': conversión de 'double' a 'float'; posible pérdida de datos
C:\Users\lucas\Documents\GitHub\FlappyBirds\Game\FlappyBird\Pause.cpp(83,43): warning C4244: '=': conversión de 'int' a 'float'; posible pérdida de datos
C:\Users\lucas\Documents\GitHub\FlappyBirds\Game\FlappyBird\Pause.cpp(84,43): warning C4244: '=': conversión de 'int' a 'float'; posible pérdida de datos
C:\Users\lucas\Documents\GitHub\FlappyBirds\Game\FlappyBird\Pause.cpp(86,36): warning C4244: '=': conversión de 'double' a 'float'; posible pérdida de datos
C:\Users\lucas\Documents\GitHub\FlappyBirds\Game\FlappyBird\Pause.cpp(88,43): warning C4244: '=': conversión de 'int' a 'float'; posible pérdida de datos
C:\Users\lucas\Documents\GitHub\FlappyBirds\Game\FlappyBird\Pause.cpp(89,43): warning C4244: '=': conversión de 'int' a 'float'; posible pérdida de datos
C:\Users\lucas\Documents\GitHub\FlappyBirds\Game\FlappyBird\Pause.cpp(91,36): warning C4244: '=': conversión de 'double' a 'float'; posible pérdida de datos
  Player.cpp
C:\Users\lucas\Documents\GitHub\FlappyBirds\Game\FlappyBird\Player.cpp(85,24): warning C4244: '=': conversión de 'int' a 'float'; posible pérdida de datos
C:\Users\lucas\Documents\GitHub\FlappyBirds\Game\FlappyBird\Player.cpp(90,47): warning C4244: '=': conversión de 'int' a 'float'; posible pérdida de datos
C:\Users\lucas\Documents\GitHub\FlappyBirds\Game\FlappyBird\Player.cpp(132,40): warning C4244: '=': conversión de 'int' a 'float'; posible pérdida de datos
  Generando código
  Previous IPDB not found, fall back to full compilation.
  All 39 functions were compiled because no usable IPDB/IOBJ from previous compilation was found.
  Generación de código finalizada
  FlappyBird.vcxproj -> C:\Users\lucas\Documents\GitHub\FlappyBirds\Game\Release\FlappyBird.exe
